<?xml version="1.0" encoding="utf-8"?>
<coverage line-rate="0.7889" branch-rate="0.5" version="1.9" timestamp="1717132218" lines-covered="3106" lines-valid="3937" branches-covered="183" branches-valid="366">
  <sources>
    <source>C:\Users\VC\</source>
  </sources>
  <packages>
    <package name="RailwayReservationApp" line-rate="0.6823999999999999" branch-rate="0.5" complexity="856">
      <classes>
        <class name="RailwayReservationApp.Services.AdminServices" filename="Desktop\MiniProject\RailwayReservationSystem\RailwayReservationSolution\RailwayReservationApp\Services\AdminServices.cs" line-rate="0.6559" branch-rate="0.5909" complexity="39">
          <methods>
            <method name="MapAdminRegisterDTOtoAdmin" signature="(RailwayReservationApp.Models.AdminDTOs.AdminRegisterDTO)" line-rate="1" branch-rate="1" complexity="1">
              <lines>
                <line number="115" hits="1" branch="False" />
                <line number="116" hits="1" branch="False" />
                <line number="117" hits="1" branch="False" />
                <line number="118" hits="1" branch="False" />
                <line number="119" hits="1" branch="False" />
                <line number="120" hits="1" branch="False" />
                <line number="121" hits="1" branch="False" />
                <line number="122" hits="1" branch="False" />
                <line number="123" hits="1" branch="False" />
                <line number="124" hits="1" branch="False" />
                <line number="125" hits="1" branch="False" />
              </lines>
            </method>
            <method name="AdminAdditionToAdminRegisterReturnDTO" signature="(RailwayReservationApp.Models.Admin)" line-rate="1" branch-rate="1" complexity="1">
              <lines>
                <line number="128" hits="1" branch="False" />
                <line number="129" hits="1" branch="False" />
                <line number="130" hits="1" branch="False" />
                <line number="131" hits="1" branch="False" />
                <line number="132" hits="1" branch="False" />
                <line number="133" hits="1" branch="False" />
                <line number="134" hits="1" branch="False" />
                <line number="135" hits="1" branch="False" />
                <line number="136" hits="1" branch="False" />
                <line number="137" hits="1" branch="False" />
              </lines>
            </method>
            <method name="ComparePassword" signature="(System.Char[],System.Char[])" line-rate="0.7777" branch-rate="0.75" complexity="4">
              <lines>
                <line number="155" hits="3" branch="False" />
                <line number="156" hits="60" branch="True" condition-coverage="100% (2/2)">
                  <conditions>
                    <condition number="39" type="jump" coverage="100%" />
                  </conditions>
                </line>
                <line number="157" hits="27" branch="False" />
                <line number="158" hits="27" branch="True" condition-coverage="50% (1/2)">
                  <conditions>
                    <condition number="19" type="jump" coverage="50%" />
                  </conditions>
                </line>
                <line number="159" hits="0" branch="False" />
                <line number="160" hits="0" branch="False" />
                <line number="162" hits="27" branch="False" />
                <line number="163" hits="3" branch="False" />
                <line number="164" hits="3" branch="False" />
              </lines>
            </method>
            <method name="MapUserTOLoginReturnDTO" signature="(RailwayReservationApp.Models.Admin)" line-rate="0.5714" branch-rate="1" complexity="1">
              <lines>
                <line number="167" hits="3" branch="False" />
                <line number="168" hits="3" branch="False" />
                <line number="169" hits="3" branch="False" />
                <line number="170" hits="3" branch="False" />
                <line number="171" hits="0" branch="False" />
                <line number="172" hits="0" branch="False" />
                <line number="173" hits="0" branch="False" />
              </lines>
            </method>
            <method name="MapAddTrainDTOtoTrain" signature="(RailwayReservationApp.Models.AdminDTOs.AddTrainDTO)" line-rate="0" branch-rate="1" complexity="1">
              <lines>
                <line number="205" hits="0" branch="False" />
                <line number="206" hits="0" branch="False" />
                <line number="208" hits="0" branch="False" />
                <line number="209" hits="0" branch="False" />
                <line number="210" hits="0" branch="False" />
                <line number="211" hits="0" branch="False" />
                <line number="212" hits="0" branch="False" />
                <line number="213" hits="0" branch="False" />
                <line number="214" hits="0" branch="False" />
                <line number="215" hits="0" branch="False" />
                <line number="216" hits="0" branch="False" />
                <line number="217" hits="0" branch="False" />
                <line number="218" hits="0" branch="False" />
                <line number="219" hits="0" branch="False" />
                <line number="220" hits="0" branch="False" />
              </lines>
            </method>
            <method name="MapResultToAddTrainReturnDTO" signature="(RailwayReservationApp.Models.Train)" line-rate="0" branch-rate="1" complexity="1">
              <lines>
                <line number="223" hits="0" branch="False" />
                <line number="224" hits="0" branch="False" />
                <line number="225" hits="0" branch="False" />
                <line number="226" hits="0" branch="False" />
                <line number="227" hits="0" branch="False" />
                <line number="228" hits="0" branch="False" />
                <line number="229" hits="0" branch="False" />
                <line number="230" hits="0" branch="False" />
                <line number="231" hits="0" branch="False" />
                <line number="232" hits="0" branch="False" />
                <line number="233" hits="0" branch="False" />
                <line number="234" hits="0" branch="False" />
                <line number="235" hits="0" branch="False" />
                <line number="236" hits="0" branch="False" />
                <line number="237" hits="0" branch="False" />
              </lines>
            </method>
            <method name="MapAddTrainRouteDTOtoTrainRoute" signature="(RailwayReservationApp.Models.AdminDTOs.AddTrainRouteDTO)" line-rate="1" branch-rate="1" complexity="1">
              <lines>
                <line number="278" hits="37" branch="False" />
                <line number="279" hits="37" branch="False" />
                <line number="280" hits="37" branch="False" />
                <line number="281" hits="37" branch="False" />
                <line number="282" hits="37" branch="False" />
                <line number="283" hits="37" branch="False" />
                <line number="284" hits="37" branch="False" />
                <line number="285" hits="37" branch="False" />
                <line number="286" hits="37" branch="False" />
                <line number="287" hits="37" branch="False" />
                <line number="288" hits="37" branch="False" />
                <line number="289" hits="37" branch="False" />
                <line number="290" hits="37" branch="False" />
                <line number="291" hits="37" branch="False" />
                <line number="292" hits="37" branch="False" />
              </lines>
            </method>
            <method name="MapResulttoAddTrainRouteReturnDTO" signature="(RailwayReservationApp.Models.TrainRoutes)" line-rate="1" branch-rate="1" complexity="1">
              <lines>
                <line number="295" hits="37" branch="False" />
                <line number="296" hits="37" branch="False" />
                <line number="297" hits="37" branch="False" />
                <line number="298" hits="37" branch="False" />
                <line number="299" hits="37" branch="False" />
                <line number="300" hits="37" branch="False" />
                <line number="301" hits="37" branch="False" />
                <line number="302" hits="37" branch="False" />
                <line number="303" hits="37" branch="False" />
                <line number="304" hits="37" branch="False" />
                <line number="305" hits="37" branch="False" />
                <line number="306" hits="37" branch="False" />
                <line number="307" hits="37" branch="False" />
                <line number="308" hits="37" branch="False" />
              </lines>
            </method>
            <method name="CheckReservationAvailable" signature="(System.Collections.Generic.List`1&lt;RailwayReservationApp.Models.TrackReservation&gt;,RailwayReservationApp.Models.AdminDTOs.AddTrainRouteDTO)" line-rate="0.6666" branch-rate="0.5555" complexity="18">
              <lines>
                <line number="311" hits="37" branch="False" />
                <line number="312" hits="2619" branch="True" condition-coverage="100% (2/2)">
                  <conditions>
                    <condition number="226" type="jump" coverage="100%" />
                  </conditions>
                </line>
                <line number="313" hits="1254" branch="False" />
                <line number="314" hits="1254" branch="True" condition-coverage="50% (4/8)">
                  <conditions>
                    <condition number="45" type="jump" coverage="50%" />
                    <condition number="63" type="jump" coverage="50%" />
                    <condition number="87" type="jump" coverage="50%" />
                    <condition number="110" type="jump" coverage="50%" />
                  </conditions>
                </line>
                <line number="315" hits="0" branch="False" />
                <line number="316" hits="0" branch="False" />
                <line number="318" hits="1254" branch="True" condition-coverage="50% (4/8)">
                  <conditions>
                    <condition number="143" type="jump" coverage="50%" />
                    <condition number="161" type="jump" coverage="50%" />
                    <condition number="185" type="jump" coverage="50%" />
                    <condition number="210" type="jump" coverage="50%" />
                  </conditions>
                </line>
                <line number="319" hits="0" branch="False" />
                <line number="320" hits="0" branch="False" />
                <line number="322" hits="1254" branch="False" />
                <line number="323" hits="37" branch="False" />
                <line number="324" hits="37" branch="False" />
              </lines>
            </method>
            <method name="MapAddTrainClassDTOToTrainClass" signature="(RailwayReservationApp.Models.AdminDTOs.AddTrainClassDTO)" line-rate="1" branch-rate="1" complexity="1">
              <lines>
                <line number="401" hits="1" branch="False" />
                <line number="402" hits="1" branch="False" />
                <line number="403" hits="1" branch="False" />
                <line number="404" hits="1" branch="False" />
                <line number="405" hits="1" branch="False" />
                <line number="406" hits="1" branch="False" />
                <line number="407" hits="1" branch="False" />
                <line number="408" hits="1" branch="False" />
                <line number="409" hits="1" branch="False" />
                <line number="410" hits="1" branch="False" />
              </lines>
            </method>
            <method name="MapResulToAddTrainClassReturnDTO" signature="(RailwayReservationApp.Models.TrainClass)" line-rate="1" branch-rate="1" complexity="1">
              <lines>
                <line number="413" hits="1" branch="False" />
                <line number="414" hits="1" branch="False" />
                <line number="415" hits="1" branch="False" />
                <line number="416" hits="1" branch="False" />
                <line number="417" hits="1" branch="False" />
                <line number="418" hits="1" branch="False" />
                <line number="419" hits="1" branch="False" />
                <line number="420" hits="1" branch="False" />
                <line number="421" hits="1" branch="False" />
              </lines>
            </method>
            <method name="MapAddStationDTOtoStation" signature="(RailwayReservationApp.Models.AdminDTOs.AddStationDTO)" line-rate="1" branch-rate="1" complexity="1">
              <lines>
                <line number="477" hits="1" branch="False" />
                <line number="478" hits="1" branch="False" />
                <line number="479" hits="1" branch="False" />
                <line number="480" hits="1" branch="False" />
                <line number="481" hits="1" branch="False" />
                <line number="482" hits="1" branch="False" />
                <line number="483" hits="1" branch="False" />
                <line number="484" hits="1" branch="False" />
              </lines>
            </method>
            <method name="MapResultToAddStationReturnDTO" signature="(RailwayReservationApp.Models.Station)" line-rate="1" branch-rate="1" complexity="1">
              <lines>
                <line number="486" hits="1" branch="False" />
                <line number="487" hits="1" branch="False" />
                <line number="488" hits="1" branch="False" />
                <line number="489" hits="1" branch="False" />
                <line number="490" hits="1" branch="False" />
                <line number="491" hits="1" branch="False" />
                <line number="492" hits="1" branch="False" />
              </lines>
            </method>
            <method name="MapAddTrackDTOtoTrack" signature="(RailwayReservationApp.Models.AdminDTOs.AddTrackDTO)" line-rate="1" branch-rate="1" complexity="1">
              <lines>
                <line number="525" hits="1" branch="False" />
                <line number="526" hits="1" branch="False" />
                <line number="527" hits="1" branch="False" />
                <line number="528" hits="1" branch="False" />
                <line number="529" hits="1" branch="False" />
                <line number="530" hits="1" branch="False" />
                <line number="531" hits="1" branch="False" />
                <line number="532" hits="1" branch="False" />
                <line number="533" hits="1" branch="False" />
              </lines>
            </method>
            <method name="MapResultToAddTrackReturnDTO" signature="(RailwayReservationApp.Models.Track)" line-rate="1" branch-rate="1" complexity="1">
              <lines>
                <line number="536" hits="1" branch="False" />
                <line number="537" hits="1" branch="False" />
                <line number="538" hits="1" branch="False" />
                <line number="539" hits="1" branch="False" />
                <line number="540" hits="1" branch="False" />
                <line number="541" hits="1" branch="False" />
                <line number="542" hits="1" branch="False" />
                <line number="543" hits="1" branch="False" />
                <line number="544" hits="1" branch="False" />
              </lines>
            </method>
            <method name="MapCheckDetailstoReturnDTO" signature="(System.Collections.Generic.List`1&lt;System.Int32&gt;,System.Collections.Generic.List`1&lt;System.Int32&gt;,System.Int32)" line-rate="1" branch-rate="1" complexity="1">
              <lines>
                <line number="613" hits="1" branch="False" />
                <line number="614" hits="1" branch="False" />
                <line number="615" hits="1" branch="False" />
                <line number="616" hits="1" branch="False" />
                <line number="617" hits="1" branch="False" />
                <line number="618" hits="1" branch="False" />
                <line number="619" hits="1" branch="False" />
              </lines>
            </method>
            <method name="MapUpdateTrainRouteDTOtoTrainRoutes" signature="(RailwayReservationApp.Models.AdminDTOs.UpdateTrainRouteDetailsDTO)" line-rate="0" branch-rate="1" complexity="1">
              <lines>
                <line number="765" hits="0" branch="False" />
                <line number="766" hits="0" branch="False" />
                <line number="767" hits="0" branch="False" />
                <line number="768" hits="0" branch="False" />
                <line number="769" hits="0" branch="False" />
                <line number="770" hits="0" branch="False" />
                <line number="771" hits="0" branch="False" />
                <line number="772" hits="0" branch="False" />
                <line number="773" hits="0" branch="False" />
                <line number="774" hits="0" branch="False" />
                <line number="775" hits="0" branch="False" />
                <line number="776" hits="0" branch="False" />
                <line number="777" hits="0" branch="False" />
                <line number="778" hits="0" branch="False" />
                <line number="779" hits="0" branch="False" />
              </lines>
            </method>
            <method name=".ctor" signature="(RailwayReservationApp.Interfaces.IRepository`2&lt;System.Int32,RailwayReservationApp.Models.Train&gt;,RailwayReservationApp.Repositories.TrainRepository,RailwayReservationApp.Interfaces.IRepository`2&lt;System.Int32,RailwayReservationApp.Models.TrainRoutes&gt;,RailwayReservationApp.Interfaces.IRepository`2&lt;System.Int32,RailwayReservationApp.Models.Station&gt;,RailwayReservationApp.Repositories.StationRequest.StationRequestRepository,RailwayReservationApp.Repositories.TrainRequest.TrainRequestforClassesRepository,RailwayReservationApp.Interfaces.IRepository`2&lt;System.Int32,RailwayReservationApp.Models.Track&gt;,RailwayReservationApp.Repositories.TrackRequest.TrackRequestforReservationRepository,RailwayReservationApp.Interfaces.IRepository`2&lt;System.Int32,RailwayReservationApp.Models.TrackReservation&gt;,RailwayReservationApp.Interfaces.IRepository`2&lt;System.Int32,RailwayReservationApp.Models.TrainClass&gt;,RailwayReservationApp.Repositories.TrainRequest.TrainRequestforReservationsRepository,RailwayReservationApp.Repositories.ReservationRequest.ReservationRequestforSeatsRepository,RailwayReservationApp.Interfaces.IRepository`2&lt;System.Int32,RailwayReservationApp.Models.Admin&gt;,RailwayReservationApp.Interfaces.ITokenService)" line-rate="0" branch-rate="1" complexity="1">
              <lines>
                <line number="74" hits="0" branch="False" />
                <line number="75" hits="0" branch="False" />
                <line number="76" hits="0" branch="False" />
                <line number="77" hits="0" branch="False" />
                <line number="78" hits="0" branch="False" />
                <line number="79" hits="0" branch="False" />
                <line number="80" hits="0" branch="False" />
                <line number="81" hits="0" branch="False" />
                <line number="82" hits="0" branch="False" />
                <line number="83" hits="0" branch="False" />
                <line number="84" hits="0" branch="False" />
                <line number="85" hits="0" branch="False" />
                <line number="86" hits="0" branch="False" />
                <line number="87" hits="0" branch="False" />
                <line number="88" hits="0" branch="False" />
                <line number="89" hits="0" branch="False" />
                <line number="90" hits="0" branch="False" />
                <line number="91" hits="0" branch="False" />
                <line number="92" hits="0" branch="False" />
                <line number="93" hits="0" branch="False" />
                <line number="94" hits="0" branch="False" />
              </lines>
            </method>
            <method name=".ctor" signature="(RailwayReservationApp.Interfaces.IRepository`2&lt;System.Int32,RailwayReservationApp.Models.Train&gt;,RailwayReservationApp.Interfaces.IRepository`2&lt;System.Int32,RailwayReservationApp.Models.TrainRoutes&gt;,RailwayReservationApp.Interfaces.IRepository`2&lt;System.Int32,RailwayReservationApp.Models.Station&gt;,RailwayReservationApp.Interfaces.IRepository`2&lt;System.Int32,RailwayReservationApp.Models.TrainClass&gt;,RailwayReservationApp.Interfaces.IRepository`2&lt;System.Int32,RailwayReservationApp.Models.Track&gt;,RailwayReservationApp.Interfaces.IRepository`2&lt;System.Int32,RailwayReservationApp.Models.TrackReservation&gt;,RailwayReservationApp.Interfaces.IRepository`2&lt;System.Int32,RailwayReservationApp.Models.Admin&gt;,RailwayReservationApp.Repositories.StationRequest.StationRequestRepository,RailwayReservationApp.Repositories.TrainRequest.TrainRequestforClassesRepository,RailwayReservationApp.Repositories.TrackRequest.TrackRequestforReservationRepository,RailwayReservationApp.Repositories.TrainRequest.TrainRequestforReservationsRepository,RailwayReservationApp.Repositories.ReservationRequest.ReservationRequestforSeatsRepository)" line-rate="1" branch-rate="1" complexity="1">
              <lines>
                <line number="96" hits="36" branch="False" />
                <line number="97" hits="36" branch="False" />
                <line number="98" hits="36" branch="False" />
                <line number="99" hits="36" branch="False" />
                <line number="100" hits="36" branch="False" />
                <line number="101" hits="36" branch="False" />
                <line number="102" hits="36" branch="False" />
                <line number="103" hits="36" branch="False" />
                <line number="104" hits="36" branch="False" />
                <line number="105" hits="36" branch="False" />
                <line number="106" hits="36" branch="False" />
                <line number="107" hits="36" branch="False" />
                <line number="108" hits="36" branch="False" />
                <line number="109" hits="36" branch="False" />
                <line number="110" hits="36" branch="False" />
              </lines>
            </method>
          </methods>
          <lines>
            <line number="115" hits="1" branch="False" />
            <line number="116" hits="1" branch="False" />
            <line number="117" hits="1" branch="False" />
            <line number="118" hits="1" branch="False" />
            <line number="119" hits="1" branch="False" />
            <line number="120" hits="1" branch="False" />
            <line number="121" hits="1" branch="False" />
            <line number="122" hits="1" branch="False" />
            <line number="123" hits="1" branch="False" />
            <line number="124" hits="1" branch="False" />
            <line number="125" hits="1" branch="False" />
            <line number="128" hits="1" branch="False" />
            <line number="129" hits="1" branch="False" />
            <line number="130" hits="1" branch="False" />
            <line number="131" hits="1" branch="False" />
            <line number="132" hits="1" branch="False" />
            <line number="133" hits="1" branch="False" />
            <line number="134" hits="1" branch="False" />
            <line number="135" hits="1" branch="False" />
            <line number="136" hits="1" branch="False" />
            <line number="137" hits="1" branch="False" />
            <line number="155" hits="3" branch="False" />
            <line number="156" hits="60" branch="True" condition-coverage="100% (2/2)">
              <conditions>
                <condition number="39" type="jump" coverage="100%" />
              </conditions>
            </line>
            <line number="157" hits="27" branch="False" />
            <line number="158" hits="27" branch="True" condition-coverage="50% (1/2)">
              <conditions>
                <condition number="19" type="jump" coverage="50%" />
              </conditions>
            </line>
            <line number="159" hits="0" branch="False" />
            <line number="160" hits="0" branch="False" />
            <line number="162" hits="27" branch="False" />
            <line number="163" hits="3" branch="False" />
            <line number="164" hits="3" branch="False" />
            <line number="167" hits="3" branch="False" />
            <line number="168" hits="3" branch="False" />
            <line number="169" hits="3" branch="False" />
            <line number="170" hits="3" branch="False" />
            <line number="171" hits="0" branch="False" />
            <line number="172" hits="0" branch="False" />
            <line number="173" hits="0" branch="False" />
            <line number="205" hits="0" branch="False" />
            <line number="206" hits="0" branch="False" />
            <line number="208" hits="0" branch="False" />
            <line number="209" hits="0" branch="False" />
            <line number="210" hits="0" branch="False" />
            <line number="211" hits="0" branch="False" />
            <line number="212" hits="0" branch="False" />
            <line number="213" hits="0" branch="False" />
            <line number="214" hits="0" branch="False" />
            <line number="215" hits="0" branch="False" />
            <line number="216" hits="0" branch="False" />
            <line number="217" hits="0" branch="False" />
            <line number="218" hits="0" branch="False" />
            <line number="219" hits="0" branch="False" />
            <line number="220" hits="0" branch="False" />
            <line number="223" hits="0" branch="False" />
            <line number="224" hits="0" branch="False" />
            <line number="225" hits="0" branch="False" />
            <line number="226" hits="0" branch="False" />
            <line number="227" hits="0" branch="False" />
            <line number="228" hits="0" branch="False" />
            <line number="229" hits="0" branch="False" />
            <line number="230" hits="0" branch="False" />
            <line number="231" hits="0" branch="False" />
            <line number="232" hits="0" branch="False" />
            <line number="233" hits="0" branch="False" />
            <line number="234" hits="0" branch="False" />
            <line number="235" hits="0" branch="False" />
            <line number="236" hits="0" branch="False" />
            <line number="237" hits="0" branch="False" />
            <line number="278" hits="37" branch="False" />
            <line number="279" hits="37" branch="False" />
            <line number="280" hits="37" branch="False" />
            <line number="281" hits="37" branch="False" />
            <line number="282" hits="37" branch="False" />
            <line number="283" hits="37" branch="False" />
            <line number="284" hits="37" branch="False" />
            <line number="285" hits="37" branch="False" />
            <line number="286" hits="37" branch="False" />
            <line number="287" hits="37" branch="False" />
            <line number="288" hits="37" branch="False" />
            <line number="289" hits="37" branch="False" />
            <line number="290" hits="37" branch="False" />
            <line number="291" hits="37" branch="False" />
            <line number="292" hits="37" branch="False" />
            <line number="295" hits="37" branch="False" />
            <line number="296" hits="37" branch="False" />
            <line number="297" hits="37" branch="False" />
            <line number="298" hits="37" branch="False" />
            <line number="299" hits="37" branch="False" />
            <line number="300" hits="37" branch="False" />
            <line number="301" hits="37" branch="False" />
            <line number="302" hits="37" branch="False" />
            <line number="303" hits="37" branch="False" />
            <line number="304" hits="37" branch="False" />
            <line number="305" hits="37" branch="False" />
            <line number="306" hits="37" branch="False" />
            <line number="307" hits="37" branch="False" />
            <line number="308" hits="37" branch="False" />
            <line number="311" hits="37" branch="False" />
            <line number="312" hits="2619" branch="True" condition-coverage="100% (2/2)">
              <conditions>
                <condition number="226" type="jump" coverage="100%" />
              </conditions>
            </line>
            <line number="313" hits="1254" branch="False" />
            <line number="314" hits="1254" branch="True" condition-coverage="50% (4/8)">
              <conditions>
                <condition number="45" type="jump" coverage="50%" />
                <condition number="63" type="jump" coverage="50%" />
                <condition number="87" type="jump" coverage="50%" />
                <condition number="110" type="jump" coverage="50%" />
              </conditions>
            </line>
            <line number="315" hits="0" branch="False" />
            <line number="316" hits="0" branch="False" />
            <line number="318" hits="1254" branch="True" condition-coverage="50% (4/8)">
              <conditions>
                <condition number="143" type="jump" coverage="50%" />
                <condition number="161" type="jump" coverage="50%" />
                <condition number="185" type="jump" coverage="50%" />
                <condition number="210" type="jump" coverage="50%" />
              </conditions>
            </line>
            <line number="319" hits="0" branch="False" />
            <line number="320" hits="0" branch="False" />
            <line number="322" hits="1254" branch="False" />
            <line number="323" hits="37" branch="False" />
            <line number="324" hits="37" branch="False" />
            <line number="401" hits="1" branch="False" />
            <line number="402" hits="1" branch="False" />
            <line number="403" hits="1" branch="False" />
            <line number="404" hits="1" branch="False" />
            <line number="405" hits="1" branch="False" />
            <line number="406" hits="1" branch="False" />
            <line number="407" hits="1" branch="False" />
            <line number="408" hits="1" branch="False" />
            <line number="409" hits="1" branch="False" />
            <line number="410" hits="1" branch="False" />
            <line number="413" hits="1" branch="False" />
            <line number="414" hits="1" branch="False" />
            <line number="415" hits="1" branch="False" />
            <line number="416" hits="1" branch="False" />
            <line number="417" hits="1" branch="False" />
            <line number="418" hits="1" branch="False" />
            <line number="419" hits="1" branch="False" />
            <line number="420" hits="1" branch="False" />
            <line number="421" hits="1" branch="False" />
            <line number="477" hits="1" branch="False" />
            <line number="478" hits="1" branch="False" />
            <line number="479" hits="1" branch="False" />
            <line number="480" hits="1" branch="False" />
            <line number="481" hits="1" branch="False" />
            <line number="482" hits="1" branch="False" />
            <line number="483" hits="1" branch="False" />
            <line number="484" hits="1" branch="False" />
            <line number="486" hits="1" branch="False" />
            <line number="487" hits="1" branch="False" />
            <line number="488" hits="1" branch="False" />
            <line number="489" hits="1" branch="False" />
            <line number="490" hits="1" branch="False" />
            <line number="491" hits="1" branch="False" />
            <line number="492" hits="1" branch="False" />
            <line number="525" hits="1" branch="False" />
            <line number="526" hits="1" branch="False" />
            <line number="527" hits="1" branch="False" />
            <line number="528" hits="1" branch="False" />
            <line number="529" hits="1" branch="False" />
            <line number="530" hits="1" branch="False" />
            <line number="531" hits="1" branch="False" />
            <line number="532" hits="1" branch="False" />
            <line number="533" hits="1" branch="False" />
            <line number="536" hits="1" branch="False" />
            <line number="537" hits="1" branch="False" />
            <line number="538" hits="1" branch="False" />
            <line number="539" hits="1" branch="False" />
            <line number="540" hits="1" branch="False" />
            <line number="541" hits="1" branch="False" />
            <line number="542" hits="1" branch="False" />
            <line number="543" hits="1" branch="False" />
            <line number="544" hits="1" branch="False" />
            <line number="613" hits="1" branch="False" />
            <line number="614" hits="1" branch="False" />
            <line number="615" hits="1" branch="False" />
            <line number="616" hits="1" branch="False" />
            <line number="617" hits="1" branch="False" />
            <line number="618" hits="1" branch="False" />
            <line number="619" hits="1" branch="False" />
            <line number="765" hits="0" branch="False" />
            <line number="766" hits="0" branch="False" />
            <line number="767" hits="0" branch="False" />
            <line number="768" hits="0" branch="False" />
            <line number="769" hits="0" branch="False" />
            <line number="770" hits="0" branch="False" />
            <line number="771" hits="0" branch="False" />
            <line number="772" hits="0" branch="False" />
            <line number="773" hits="0" branch="False" />
            <line number="774" hits="0" branch="False" />
            <line number="775" hits="0" branch="False" />
            <line number="776" hits="0" branch="False" />
            <line number="777" hits="0" branch="False" />
            <line number="778" hits="0" branch="False" />
            <line number="779" hits="0" branch="False" />
            <line number="74" hits="0" branch="False" />
            <line number="75" hits="0" branch="False" />
            <line number="76" hits="0" branch="False" />
            <line number="77" hits="0" branch="False" />
            <line number="78" hits="0" branch="False" />
            <line number="79" hits="0" branch="False" />
            <line number="80" hits="0" branch="False" />
            <line number="81" hits="0" branch="False" />
            <line number="82" hits="0" branch="False" />
            <line number="83" hits="0" branch="False" />
            <line number="84" hits="0" branch="False" />
            <line number="85" hits="0" branch="False" />
            <line number="86" hits="0" branch="False" />
            <line number="87" hits="0" branch="False" />
            <line number="88" hits="0" branch="False" />
            <line number="89" hits="0" branch="False" />
            <line number="90" hits="0" branch="False" />
            <line number="91" hits="0" branch="False" />
            <line number="92" hits="0" branch="False" />
            <line number="93" hits="0" branch="False" />
            <line number="94" hits="0" branch="False" />
            <line number="96" hits="36" branch="False" />
            <line number="97" hits="36" branch="False" />
            <line number="98" hits="36" branch="False" />
            <line number="99" hits="36" branch="False" />
            <line number="100" hits="36" branch="False" />
            <line number="101" hits="36" branch="False" />
            <line number="102" hits="36" branch="False" />
            <line number="103" hits="36" branch="False" />
            <line number="104" hits="36" branch="False" />
            <line number="105" hits="36" branch="False" />
            <line number="106" hits="36" branch="False" />
            <line number="107" hits="36" branch="False" />
            <line number="108" hits="36" branch="False" />
            <line number="109" hits="36" branch="False" />
            <line number="110" hits="36" branch="False" />
          </lines>
        </class>
        <class name="RailwayReservationApp.Services.AdminServices/&lt;&gt;c" filename="Desktop\MiniProject\RailwayReservationSystem\RailwayReservationSolution\RailwayReservationApp\Services\AdminServices.cs" line-rate="1" branch-rate="1" complexity="2">
          <methods>
            <method name="&lt;AddTrainRoutebyAdmin&gt;b__28_0" signature="(RailwayReservationApp.Models.TrackReservation)" line-rate="1" branch-rate="1" complexity="1">
              <lines>
                <line number="367" hits="1337" branch="False" />
              </lines>
            </method>
            <method name="&lt;GetAllInlineTrains&gt;b__45_0" signature="(RailwayReservationApp.Models.Train)" line-rate="1" branch-rate="1" complexity="1">
              <lines>
                <line number="804" hits="22" branch="False" />
              </lines>
            </method>
          </methods>
          <lines>
            <line number="367" hits="1337" branch="False" />
            <line number="804" hits="22" branch="False" />
          </lines>
        </class>
        <class name="RailwayReservationApp.Services.AdminServices/&lt;&gt;c__DisplayClass23_0" filename="Desktop\MiniProject\RailwayReservationSystem\RailwayReservationSolution\RailwayReservationApp\Services\AdminServices.cs" line-rate="1" branch-rate="0.5" complexity="2">
          <methods>
            <method name="&lt;AddTrainbyAdmin&gt;b__0" signature="(RailwayReservationApp.Models.Train)" line-rate="1" branch-rate="0.5" complexity="2">
              <lines>
                <line number="244" hits="86" branch="True" condition-coverage="50% (1/2)">
                  <conditions>
                    <condition number="17" type="jump" coverage="50%" />
                  </conditions>
                </line>
              </lines>
            </method>
          </methods>
          <lines>
            <line number="244" hits="86" branch="True" condition-coverage="50% (1/2)">
              <conditions>
                <condition number="17" type="jump" coverage="50%" />
              </conditions>
            </line>
          </lines>
        </class>
        <class name="RailwayReservationApp.Services.AdminServices/&lt;&gt;c__DisplayClass34_0" filename="Desktop\MiniProject\RailwayReservationSystem\RailwayReservationSolution\RailwayReservationApp\Services\AdminServices.cs" line-rate="1" branch-rate="1" complexity="1">
          <methods>
            <method name="&lt;AddStationbyAdmin&gt;b__0" signature="(RailwayReservationApp.Models.Station)" line-rate="1" branch-rate="1" complexity="1">
              <lines>
                <line number="498" hits="455" branch="False" />
              </lines>
            </method>
          </methods>
          <lines>
            <line number="498" hits="455" branch="False" />
          </lines>
        </class>
        <class name="RailwayReservationApp.Services.AdminServices/&lt;AddStationbyAdmin&gt;d__34" filename="Desktop\MiniProject\RailwayReservationSystem\RailwayReservationSolution\RailwayReservationApp\Services\AdminServices.cs" line-rate="0.8332999999999999" branch-rate="1" complexity="4">
          <methods>
            <method name="MoveNext" signature="()" line-rate="0.8332999999999999" branch-rate="1" complexity="4">
              <lines>
                <line number="495" hits="38" branch="False" />
                <line number="497" hits="38" branch="False" />
                <line number="499" hits="911" branch="True" condition-coverage="100% (2/2)">
                  <conditions>
                    <condition number="318" type="jump" coverage="100%" />
                  </conditions>
                </line>
                <line number="500" hits="417" branch="False" />
                <line number="501" hits="417" branch="True" condition-coverage="100% (2/2)">
                  <conditions>
                    <condition number="290" type="jump" coverage="100%" />
                  </conditions>
                </line>
                <line number="502" hits="37" branch="False" />
                <line number="503" hits="37" branch="False" />
                <line number="505" hits="380" branch="False" />
                <line number="506" hits="1" branch="False" />
                <line number="507" hits="1" branch="False" />
                <line number="508" hits="1" branch="False" />
                <line number="510" hits="37" branch="False" />
                <line number="511" hits="37" branch="False" />
                <line number="512" hits="37" branch="False" />
                <line number="514" hits="0" branch="False" />
                <line number="515" hits="0" branch="False" />
                <line number="516" hits="0" branch="False" />
                <line number="518" hits="1" branch="False" />
              </lines>
            </method>
          </methods>
          <lines>
            <line number="495" hits="38" branch="False" />
            <line number="497" hits="38" branch="False" />
            <line number="499" hits="911" branch="True" condition-coverage="100% (2/2)">
              <conditions>
                <condition number="318" type="jump" coverage="100%" />
              </conditions>
            </line>
            <line number="500" hits="417" branch="False" />
            <line number="501" hits="417" branch="True" condition-coverage="100% (2/2)">
              <conditions>
                <condition number="290" type="jump" coverage="100%" />
              </conditions>
            </line>
            <line number="502" hits="37" branch="False" />
            <line number="503" hits="37" branch="False" />
            <line number="505" hits="380" branch="False" />
            <line number="506" hits="1" branch="False" />
            <line number="507" hits="1" branch="False" />
            <line number="508" hits="1" branch="False" />
            <line number="510" hits="37" branch="False" />
            <line number="511" hits="37" branch="False" />
            <line number="512" hits="37" branch="False" />
            <line number="514" hits="0" branch="False" />
            <line number="515" hits="0" branch="False" />
            <line number="516" hits="0" branch="False" />
            <line number="518" hits="1" branch="False" />
          </lines>
        </class>
        <class name="RailwayReservationApp.Services.AdminServices/&lt;AddTrackToStationbyAdmin&gt;d__37" filename="Desktop\MiniProject\RailwayReservationSystem\RailwayReservationSolution\RailwayReservationApp\Services\AdminServices.cs" line-rate="0.8275" branch-rate="0.75" complexity="8">
          <methods>
            <method name="MoveNext" signature="()" line-rate="0.8275" branch-rate="0.75" complexity="8">
              <lines>
                <line number="546" hits="39" branch="False" />
                <line number="548" hits="39" branch="False" />
                <line number="549" hits="39" branch="False" />
                <line number="550" hits="39" branch="True" condition-coverage="100% (2/2)">
                  <conditions>
                    <condition number="190" type="jump" coverage="100%" />
                  </conditions>
                </line>
                <line number="551" hits="38" branch="False" />
                <line number="552" hits="38" branch="False" />
                <line number="553" hits="38" branch="True" condition-coverage="100% (2/2)">
                  <conditions>
                    <condition number="236" type="jump" coverage="100%" />
                  </conditions>
                </line>
                <line number="554" hits="37" branch="False" />
                <line number="555" hits="148" branch="True" condition-coverage="50% (1/2)">
                  <conditions>
                    <condition number="336" type="jump" coverage="50%" />
                  </conditions>
                </line>
                <line number="556" hits="37" branch="False" />
                <line number="557" hits="37" branch="True" condition-coverage="50% (1/2)">
                  <conditions>
                    <condition number="308" type="jump" coverage="50%" />
                  </conditions>
                </line>
                <line number="558" hits="37" branch="False" />
                <line number="559" hits="37" branch="False" />
                <line number="561" hits="0" branch="False" />
                <line number="562" hits="0" branch="False" />
                <line number="563" hits="1" branch="False" />
                <line number="564" hits="1" branch="False" />
                <line number="565" hits="1" branch="False" />
                <line number="567" hits="1" branch="False" />
                <line number="569" hits="37" branch="False" />
                <line number="570" hits="37" branch="False" />
                <line number="571" hits="37" branch="False" />
                <line number="573" hits="1" branch="False" />
                <line number="574" hits="1" branch="False" />
                <line number="575" hits="1" branch="False" />
                <line number="577" hits="0" branch="False" />
                <line number="578" hits="0" branch="False" />
                <line number="579" hits="0" branch="False" />
                <line number="581" hits="1" branch="False" />
              </lines>
            </method>
          </methods>
          <lines>
            <line number="546" hits="39" branch="False" />
            <line number="548" hits="39" branch="False" />
            <line number="549" hits="39" branch="False" />
            <line number="550" hits="39" branch="True" condition-coverage="100% (2/2)">
              <conditions>
                <condition number="190" type="jump" coverage="100%" />
              </conditions>
            </line>
            <line number="551" hits="38" branch="False" />
            <line number="552" hits="38" branch="False" />
            <line number="553" hits="38" branch="True" condition-coverage="100% (2/2)">
              <conditions>
                <condition number="236" type="jump" coverage="100%" />
              </conditions>
            </line>
            <line number="554" hits="37" branch="False" />
            <line number="555" hits="148" branch="True" condition-coverage="50% (1/2)">
              <conditions>
                <condition number="336" type="jump" coverage="50%" />
              </conditions>
            </line>
            <line number="556" hits="37" branch="False" />
            <line number="557" hits="37" branch="True" condition-coverage="50% (1/2)">
              <conditions>
                <condition number="308" type="jump" coverage="50%" />
              </conditions>
            </line>
            <line number="558" hits="37" branch="False" />
            <line number="559" hits="37" branch="False" />
            <line number="561" hits="0" branch="False" />
            <line number="562" hits="0" branch="False" />
            <line number="563" hits="1" branch="False" />
            <line number="564" hits="1" branch="False" />
            <line number="565" hits="1" branch="False" />
            <line number="567" hits="1" branch="False" />
            <line number="569" hits="37" branch="False" />
            <line number="570" hits="37" branch="False" />
            <line number="571" hits="37" branch="False" />
            <line number="573" hits="1" branch="False" />
            <line number="574" hits="1" branch="False" />
            <line number="575" hits="1" branch="False" />
            <line number="577" hits="0" branch="False" />
            <line number="578" hits="0" branch="False" />
            <line number="579" hits="0" branch="False" />
            <line number="581" hits="1" branch="False" />
          </lines>
        </class>
        <class name="RailwayReservationApp.Services.AdminServices/&lt;AddTrainClassbyAdmin&gt;d__31" filename="Desktop\MiniProject\RailwayReservationSystem\RailwayReservationSolution\RailwayReservationApp\Services\AdminServices.cs" line-rate="0.6486" branch-rate="0.45" complexity="20">
          <methods>
            <method name="MoveNext" signature="()" line-rate="0.6486" branch-rate="0.45" complexity="20">
              <lines>
                <line number="423" hits="38" branch="False" />
                <line number="425" hits="38" branch="False" />
                <line number="428" hits="38" branch="False" />
                <line number="429" hits="38" branch="True" condition-coverage="50% (1/2)">
                  <conditions>
                    <condition number="204" type="jump" coverage="50%" />
                  </conditions>
                </line>
                <line number="430" hits="38" branch="False" />
                <line number="432" hits="38" branch="False" />
                <line number="433" hits="38" branch="False" />
                <line number="434" hits="38" branch="False" />
                <line number="435" hits="38" branch="True" condition-coverage="100% (2/2)">
                  <conditions>
                    <condition number="401" type="jump" coverage="100%" />
                  </conditions>
                </line>
                <line number="436" hits="37" branch="False" />
                <line number="437" hits="148" branch="True" condition-coverage="100% (2/2)">
                  <conditions>
                    <condition number="677" type="jump" coverage="100%" />
                  </conditions>
                </line>
                <line number="438" hits="37" branch="False" />
                <line number="439" hits="37" branch="True" condition-coverage="50% (2/4)">
                  <conditions>
                    <condition number="470" type="jump" coverage="50%" />
                    <condition number="506" type="jump" coverage="50%" />
                  </conditions>
                </line>
                <line number="440" hits="37" branch="False" />
                <line number="441" hits="37" branch="False" />
                <line number="442" hits="37" branch="False" />
                <line number="444" hits="0" branch="True" condition-coverage="0% (0/4)">
                  <conditions>
                    <condition number="543" type="jump" coverage="0%" />
                    <condition number="579" type="jump" coverage="0%" />
                  </conditions>
                </line>
                <line number="445" hits="0" branch="False" />
                <line number="446" hits="0" branch="False" />
                <line number="447" hits="0" branch="False" />
                <line number="449" hits="0" branch="True" condition-coverage="0% (0/4)">
                  <conditions>
                    <condition number="613" type="jump" coverage="0%" />
                    <condition number="646" type="jump" coverage="0%" />
                  </conditions>
                </line>
                <line number="450" hits="0" branch="False" />
                <line number="451" hits="0" branch="False" />
                <line number="452" hits="0" branch="False" />
                <line number="454" hits="0" branch="False" />
                <line number="455" hits="37" branch="False" />
                <line number="456" hits="38" branch="True" condition-coverage="100% (2/2)">
                  <conditions>
                    <condition number="733" type="jump" coverage="100%" />
                  </conditions>
                </line>
                <line number="457" hits="37" branch="False" />
                <line number="458" hits="37" branch="False" />
                <line number="460" hits="1" branch="False" />
                <line number="461" hits="1" branch="False" />
                <line number="462" hits="1" branch="False" />
                <line number="464" hits="0" branch="False" />
                <line number="466" hits="0" branch="False" />
                <line number="467" hits="0" branch="False" />
                <line number="468" hits="0" branch="False" />
                <line number="470" hits="1" branch="False" />
              </lines>
            </method>
          </methods>
          <lines>
            <line number="423" hits="38" branch="False" />
            <line number="425" hits="38" branch="False" />
            <line number="428" hits="38" branch="False" />
            <line number="429" hits="38" branch="True" condition-coverage="50% (1/2)">
              <conditions>
                <condition number="204" type="jump" coverage="50%" />
              </conditions>
            </line>
            <line number="430" hits="38" branch="False" />
            <line number="432" hits="38" branch="False" />
            <line number="433" hits="38" branch="False" />
            <line number="434" hits="38" branch="False" />
            <line number="435" hits="38" branch="True" condition-coverage="100% (2/2)">
              <conditions>
                <condition number="401" type="jump" coverage="100%" />
              </conditions>
            </line>
            <line number="436" hits="37" branch="False" />
            <line number="437" hits="148" branch="True" condition-coverage="100% (2/2)">
              <conditions>
                <condition number="677" type="jump" coverage="100%" />
              </conditions>
            </line>
            <line number="438" hits="37" branch="False" />
            <line number="439" hits="37" branch="True" condition-coverage="50% (2/4)">
              <conditions>
                <condition number="470" type="jump" coverage="50%" />
                <condition number="506" type="jump" coverage="50%" />
              </conditions>
            </line>
            <line number="440" hits="37" branch="False" />
            <line number="441" hits="37" branch="False" />
            <line number="442" hits="37" branch="False" />
            <line number="444" hits="0" branch="True" condition-coverage="0% (0/4)">
              <conditions>
                <condition number="543" type="jump" coverage="0%" />
                <condition number="579" type="jump" coverage="0%" />
              </conditions>
            </line>
            <line number="445" hits="0" branch="False" />
            <line number="446" hits="0" branch="False" />
            <line number="447" hits="0" branch="False" />
            <line number="449" hits="0" branch="True" condition-coverage="0% (0/4)">
              <conditions>
                <condition number="613" type="jump" coverage="0%" />
                <condition number="646" type="jump" coverage="0%" />
              </conditions>
            </line>
            <line number="450" hits="0" branch="False" />
            <line number="451" hits="0" branch="False" />
            <line number="452" hits="0" branch="False" />
            <line number="454" hits="0" branch="False" />
            <line number="455" hits="37" branch="False" />
            <line number="456" hits="38" branch="True" condition-coverage="100% (2/2)">
              <conditions>
                <condition number="733" type="jump" coverage="100%" />
              </conditions>
            </line>
            <line number="457" hits="37" branch="False" />
            <line number="458" hits="37" branch="False" />
            <line number="460" hits="1" branch="False" />
            <line number="461" hits="1" branch="False" />
            <line number="462" hits="1" branch="False" />
            <line number="464" hits="0" branch="False" />
            <line number="466" hits="0" branch="False" />
            <line number="467" hits="0" branch="False" />
            <line number="468" hits="0" branch="False" />
            <line number="470" hits="1" branch="False" />
          </lines>
        </class>
        <class name="RailwayReservationApp.Services.AdminServices/&lt;AddTrainRoutebyAdmin&gt;d__28" filename="Desktop\MiniProject\RailwayReservationSystem\RailwayReservationSolution\RailwayReservationApp\Services\AdminServices.cs" line-rate="0.7559999999999999" branch-rate="0.4285" complexity="14">
          <methods>
            <method name="MoveNext" signature="()" line-rate="0.7559999999999999" branch-rate="0.4285" complexity="14">
              <lines>
                <line number="341" hits="40" branch="False" />
                <line number="343" hits="40" branch="False" />
                <line number="346" hits="40" branch="False" />
                <line number="347" hits="39" branch="False" />
                <line number="348" hits="38" branch="True" condition-coverage="50% (1/2)">
                  <conditions>
                    <condition number="361" type="jump" coverage="50%" />
                  </conditions>
                </line>
                <line number="349" hits="0" branch="False" />
                <line number="350" hits="0" branch="False" />
                <line number="352" hits="38" branch="True" condition-coverage="50% (1/2)">
                  <conditions>
                    <condition number="383" type="jump" coverage="50%" />
                  </conditions>
                </line>
                <line number="353" hits="38" branch="False" />
                <line number="355" hits="38" branch="False" />
                <line number="357" hits="38" branch="False" />
                <line number="358" hits="38" branch="False" />
                <line number="359" hits="38" branch="True" condition-coverage="50% (1/2)">
                  <conditions>
                    <condition number="609" type="jump" coverage="50%" />
                  </conditions>
                </line>
                <line number="360" hits="38" branch="False" />
                <line number="361" hits="38" branch="False" />
                <line number="362" hits="152" branch="True" condition-coverage="50% (1/2)">
                  <conditions>
                    <condition number="1190" type="jump" coverage="50%" />
                  </conditions>
                </line>
                <line number="363" hits="38" branch="False" />
                <line number="364" hits="38" branch="True" condition-coverage="50% (1/2)">
                  <conditions>
                    <condition number="714" type="jump" coverage="50%" />
                  </conditions>
                </line>
                <line number="365" hits="38" branch="False" />
                <line number="366" hits="38" branch="False" />
                <line number="368" hits="37" branch="True" condition-coverage="50% (1/2)">
                  <conditions>
                    <condition number="949" type="jump" coverage="50%" />
                  </conditions>
                </line>
                <line number="369" hits="37" branch="False" />
                <line number="370" hits="37" branch="False" />
                <line number="371" hits="37" branch="False" />
                <line number="372" hits="37" branch="False" />
                <line number="373" hits="37" branch="False" />
                <line number="375" hits="0" branch="False" />
                <line number="376" hits="0" branch="False" />
                <line number="377" hits="0" branch="True" condition-coverage="0% (0/2)">
                  <conditions>
                    <condition number="1245" type="jump" coverage="0%" />
                  </conditions>
                </line>
                <line number="378" hits="0" branch="False" />
                <line number="379" hits="0" branch="False" />
                <line number="381" hits="0" branch="False" />
                <line number="382" hits="0" branch="False" />
                <line number="384" hits="0" branch="False" />
                <line number="386" hits="1" branch="False" />
                <line number="387" hits="1" branch="False" />
                <line number="388" hits="1" branch="False" />
                <line number="390" hits="1" branch="False" />
                <line number="391" hits="1" branch="False" />
                <line number="392" hits="1" branch="False" />
                <line number="394" hits="37" branch="False" />
              </lines>
            </method>
          </methods>
          <lines>
            <line number="341" hits="40" branch="False" />
            <line number="343" hits="40" branch="False" />
            <line number="346" hits="40" branch="False" />
            <line number="347" hits="39" branch="False" />
            <line number="348" hits="38" branch="True" condition-coverage="50% (1/2)">
              <conditions>
                <condition number="361" type="jump" coverage="50%" />
              </conditions>
            </line>
            <line number="349" hits="0" branch="False" />
            <line number="350" hits="0" branch="False" />
            <line number="352" hits="38" branch="True" condition-coverage="50% (1/2)">
              <conditions>
                <condition number="383" type="jump" coverage="50%" />
              </conditions>
            </line>
            <line number="353" hits="38" branch="False" />
            <line number="355" hits="38" branch="False" />
            <line number="357" hits="38" branch="False" />
            <line number="358" hits="38" branch="False" />
            <line number="359" hits="38" branch="True" condition-coverage="50% (1/2)">
              <conditions>
                <condition number="609" type="jump" coverage="50%" />
              </conditions>
            </line>
            <line number="360" hits="38" branch="False" />
            <line number="361" hits="38" branch="False" />
            <line number="362" hits="152" branch="True" condition-coverage="50% (1/2)">
              <conditions>
                <condition number="1190" type="jump" coverage="50%" />
              </conditions>
            </line>
            <line number="363" hits="38" branch="False" />
            <line number="364" hits="38" branch="True" condition-coverage="50% (1/2)">
              <conditions>
                <condition number="714" type="jump" coverage="50%" />
              </conditions>
            </line>
            <line number="365" hits="38" branch="False" />
            <line number="366" hits="38" branch="False" />
            <line number="368" hits="37" branch="True" condition-coverage="50% (1/2)">
              <conditions>
                <condition number="949" type="jump" coverage="50%" />
              </conditions>
            </line>
            <line number="369" hits="37" branch="False" />
            <line number="370" hits="37" branch="False" />
            <line number="371" hits="37" branch="False" />
            <line number="372" hits="37" branch="False" />
            <line number="373" hits="37" branch="False" />
            <line number="375" hits="0" branch="False" />
            <line number="376" hits="0" branch="False" />
            <line number="377" hits="0" branch="True" condition-coverage="0% (0/2)">
              <conditions>
                <condition number="1245" type="jump" coverage="0%" />
              </conditions>
            </line>
            <line number="378" hits="0" branch="False" />
            <line number="379" hits="0" branch="False" />
            <line number="381" hits="0" branch="False" />
            <line number="382" hits="0" branch="False" />
            <line number="384" hits="0" branch="False" />
            <line number="386" hits="1" branch="False" />
            <line number="387" hits="1" branch="False" />
            <line number="388" hits="1" branch="False" />
            <line number="390" hits="1" branch="False" />
            <line number="391" hits="1" branch="False" />
            <line number="392" hits="1" branch="False" />
            <line number="394" hits="37" branch="False" />
          </lines>
        </class>
        <class name="RailwayReservationApp.Services.AdminServices/&lt;AddTrainbyAdmin&gt;d__23" filename="Desktop\MiniProject\RailwayReservationSystem\RailwayReservationSolution\RailwayReservationApp\Services\AdminServices.cs" line-rate="0.5" branch-rate="0.25" complexity="16">
          <methods>
            <method name="MoveNext" signature="()" line-rate="0.5" branch-rate="0.25" complexity="16">
              <lines>
                <line number="239" hits="38" branch="False" />
                <line number="241" hits="38" branch="False" />
                <line number="245" hits="38" branch="True" condition-coverage="50% (1/2)">
                  <conditions>
                    <condition number="229" type="jump" coverage="50%" />
                  </conditions>
                </line>
                <line number="246" hits="38" branch="False" />
                <line number="247" hits="152" branch="True" condition-coverage="50% (1/2)">
                  <conditions>
                    <condition number="649" type="jump" coverage="50%" />
                  </conditions>
                </line>
                <line number="248" hits="38" branch="False" />
                <line number="249" hits="38" branch="True" condition-coverage="50% (2/4)">
                  <conditions>
                    <condition number="326" type="jump" coverage="50%" />
                    <condition number="385" type="jump" coverage="50%" />
                  </conditions>
                </line>
                <line number="250" hits="38" branch="False" />
                <line number="251" hits="38" branch="False" />
                <line number="253" hits="0" branch="True" condition-coverage="0% (0/4)">
                  <conditions>
                    <condition number="444" type="jump" coverage="0%" />
                    <condition number="503" type="jump" coverage="0%" />
                  </conditions>
                </line>
                <line number="254" hits="0" branch="False" />
                <line number="255" hits="0" branch="False" />
                <line number="257" hits="0" branch="True" condition-coverage="0% (0/4)">
                  <conditions>
                    <condition number="562" type="jump" coverage="0%" />
                    <condition number="621" type="jump" coverage="0%" />
                  </conditions>
                </line>
                <line number="258" hits="0" branch="False" />
                <line number="259" hits="0" branch="False" />
                <line number="261" hits="0" branch="False" />
                <line number="262" hits="0" branch="False" />
                <line number="263" hits="0" branch="False" />
                <line number="264" hits="0" branch="False" />
                <line number="265" hits="0" branch="False" />
                <line number="267" hits="38" branch="False" />
                <line number="268" hits="38" branch="False" />
                <line number="269" hits="38" branch="False" />
                <line number="271" hits="0" branch="False" />
              </lines>
            </method>
          </methods>
          <lines>
            <line number="239" hits="38" branch="False" />
            <line number="241" hits="38" branch="False" />
            <line number="245" hits="38" branch="True" condition-coverage="50% (1/2)">
              <conditions>
                <condition number="229" type="jump" coverage="50%" />
              </conditions>
            </line>
            <line number="246" hits="38" branch="False" />
            <line number="247" hits="152" branch="True" condition-coverage="50% (1/2)">
              <conditions>
                <condition number="649" type="jump" coverage="50%" />
              </conditions>
            </line>
            <line number="248" hits="38" branch="False" />
            <line number="249" hits="38" branch="True" condition-coverage="50% (2/4)">
              <conditions>
                <condition number="326" type="jump" coverage="50%" />
                <condition number="385" type="jump" coverage="50%" />
              </conditions>
            </line>
            <line number="250" hits="38" branch="False" />
            <line number="251" hits="38" branch="False" />
            <line number="253" hits="0" branch="True" condition-coverage="0% (0/4)">
              <conditions>
                <condition number="444" type="jump" coverage="0%" />
                <condition number="503" type="jump" coverage="0%" />
              </conditions>
            </line>
            <line number="254" hits="0" branch="False" />
            <line number="255" hits="0" branch="False" />
            <line number="257" hits="0" branch="True" condition-coverage="0% (0/4)">
              <conditions>
                <condition number="562" type="jump" coverage="0%" />
                <condition number="621" type="jump" coverage="0%" />
              </conditions>
            </line>
            <line number="258" hits="0" branch="False" />
            <line number="259" hits="0" branch="False" />
            <line number="261" hits="0" branch="False" />
            <line number="262" hits="0" branch="False" />
            <line number="263" hits="0" branch="False" />
            <line number="264" hits="0" branch="False" />
            <line number="265" hits="0" branch="False" />
            <line number="267" hits="38" branch="False" />
            <line number="268" hits="38" branch="False" />
            <line number="269" hits="38" branch="False" />
            <line number="271" hits="0" branch="False" />
          </lines>
        </class>
        <class name="RailwayReservationApp.Services.AdminServices/&lt;AdminLogin&gt;d__20" filename="Desktop\MiniProject\RailwayReservationSystem\RailwayReservationSolution\RailwayReservationApp\Services\AdminServices.cs" line-rate="0.6315" branch-rate="0.5" complexity="4">
          <methods>
            <method name="MoveNext" signature="()" line-rate="0.6315" branch-rate="0.5" complexity="4">
              <lines>
                <line number="175" hits="5" branch="False" />
                <line number="177" hits="5" branch="False" />
                <line number="179" hits="5" branch="False" />
                <line number="180" hits="3" branch="True" condition-coverage="50% (1/2)">
                  <conditions>
                    <condition number="178" type="jump" coverage="50%" />
                  </conditions>
                </line>
                <line number="181" hits="3" branch="False" />
                <line number="182" hits="3" branch="False" />
                <line number="183" hits="3" branch="True" condition-coverage="50% (1/2)">
                  <conditions>
                    <condition number="240" type="jump" coverage="50%" />
                  </conditions>
                </line>
                <line number="184" hits="3" branch="False" />
                <line number="185" hits="3" branch="False" />
                <line number="186" hits="0" branch="False" />
                <line number="188" hits="0" branch="False" />
                <line number="190" hits="0" branch="False" />
                <line number="192" hits="0" branch="False" />
                <line number="193" hits="0" branch="False" />
                <line number="194" hits="0" branch="False" />
                <line number="196" hits="5" branch="False" />
                <line number="197" hits="5" branch="False" />
                <line number="198" hits="5" branch="False" />
                <line number="200" hits="0" branch="False" />
              </lines>
            </method>
          </methods>
          <lines>
            <line number="175" hits="5" branch="False" />
            <line number="177" hits="5" branch="False" />
            <line number="179" hits="5" branch="False" />
            <line number="180" hits="3" branch="True" condition-coverage="50% (1/2)">
              <conditions>
                <condition number="178" type="jump" coverage="50%" />
              </conditions>
            </line>
            <line number="181" hits="3" branch="False" />
            <line number="182" hits="3" branch="False" />
            <line number="183" hits="3" branch="True" condition-coverage="50% (1/2)">
              <conditions>
                <condition number="240" type="jump" coverage="50%" />
              </conditions>
            </line>
            <line number="184" hits="3" branch="False" />
            <line number="185" hits="3" branch="False" />
            <line number="186" hits="0" branch="False" />
            <line number="188" hits="0" branch="False" />
            <line number="190" hits="0" branch="False" />
            <line number="192" hits="0" branch="False" />
            <line number="193" hits="0" branch="False" />
            <line number="194" hits="0" branch="False" />
            <line number="196" hits="5" branch="False" />
            <line number="197" hits="5" branch="False" />
            <line number="198" hits="5" branch="False" />
            <line number="200" hits="0" branch="False" />
          </lines>
        </class>
        <class name="RailwayReservationApp.Services.AdminServices/&lt;AdminRegistration&gt;d__17" filename="Desktop\MiniProject\RailwayReservationSystem\RailwayReservationSolution\RailwayReservationApp\Services\AdminServices.cs" line-rate="0.6666" branch-rate="1" complexity="1">
          <methods>
            <method name="MoveNext" signature="()" line-rate="0.6666" branch-rate="1" complexity="1">
              <lines>
                <line number="139" hits="1" branch="False" />
                <line number="141" hits="1" branch="False" />
                <line number="142" hits="1" branch="False" />
                <line number="143" hits="1" branch="False" />
                <line number="144" hits="1" branch="False" />
                <line number="146" hits="0" branch="False" />
                <line number="147" hits="0" branch="False" />
                <line number="148" hits="0" branch="False" />
                <line number="150" hits="1" branch="False" />
              </lines>
            </method>
          </methods>
          <lines>
            <line number="139" hits="1" branch="False" />
            <line number="141" hits="1" branch="False" />
            <line number="142" hits="1" branch="False" />
            <line number="143" hits="1" branch="False" />
            <line number="144" hits="1" branch="False" />
            <line number="146" hits="0" branch="False" />
            <line number="147" hits="0" branch="False" />
            <line number="148" hits="0" branch="False" />
            <line number="150" hits="1" branch="False" />
          </lines>
        </class>
        <class name="RailwayReservationApp.Services.AdminServices/&lt;CheckSeatsDetailsbyAdmin&gt;d__40" filename="Desktop\MiniProject\RailwayReservationSystem\RailwayReservationSolution\RailwayReservationApp\Services\AdminServices.cs" line-rate="0.8648" branch-rate="0.9166" complexity="12">
          <methods>
            <method name="MoveNext" signature="()" line-rate="0.8648" branch-rate="0.9166" complexity="12">
              <lines>
                <line number="621" hits="2" branch="False" />
                <line number="622" hits="2" branch="False" />
                <line number="624" hits="2" branch="False" />
                <line number="625" hits="1" branch="True" condition-coverage="50% (1/2)">
                  <conditions>
                    <condition number="199" type="jump" coverage="50%" />
                  </conditions>
                </line>
                <line number="626" hits="0" branch="False" />
                <line number="627" hits="0" branch="False" />
                <line number="629" hits="1" branch="False" />
                <line number="630" hits="1" branch="False" />
                <line number="632" hits="1" branch="False" />
                <line number="634" hits="1" branch="False" />
                <line number="636" hits="7" branch="True" condition-coverage="100% (2/2)">
                  <conditions>
                    <condition number="781" type="jump" coverage="100%" />
                  </conditions>
                </line>
                <line number="637" hits="2" branch="False" />
                <line number="639" hits="2" branch="False" />
                <line number="641" hits="2" branch="False" />
                <line number="642" hits="2" branch="True" condition-coverage="100% (2/2)">
                  <conditions>
                    <condition number="625" type="jump" coverage="100%" />
                  </conditions>
                </line>
                <line number="643" hits="1" branch="False" />
                <line number="645" hits="5" branch="True" condition-coverage="100% (2/2)">
                  <conditions>
                    <condition number="708" type="jump" coverage="100%" />
                  </conditions>
                </line>
                <line number="646" hits="1" branch="False" />
                <line number="647" hits="1" branch="False" />
                <line number="648" hits="1" branch="False" />
                <line number="649" hits="1" branch="False" />
                <line number="650" hits="2" branch="False" />
                <line number="652" hits="240" branch="True" condition-coverage="100% (2/2)">
                  <conditions>
                    <condition number="921" type="jump" coverage="100%" />
                  </conditions>
                </line>
                <line number="653" hits="119" branch="False" />
                <line number="654" hits="119" branch="True" condition-coverage="100% (2/2)">
                  <conditions>
                    <condition number="857" type="jump" coverage="100%" />
                  </conditions>
                </line>
                <line number="655" hits="118" branch="False" />
                <line number="656" hits="118" branch="False" />
                <line number="657" hits="118" branch="False" />
                <line number="658" hits="119" branch="False" />
                <line number="659" hits="1" branch="False" />
                <line number="661" hits="1" branch="False" />
                <line number="662" hits="1" branch="False" />
                <line number="663" hits="1" branch="False" />
                <line number="665" hits="0" branch="False" />
                <line number="666" hits="0" branch="False" />
                <line number="667" hits="0" branch="False" />
                <line number="669" hits="1" branch="False" />
              </lines>
            </method>
          </methods>
          <lines>
            <line number="621" hits="2" branch="False" />
            <line number="622" hits="2" branch="False" />
            <line number="624" hits="2" branch="False" />
            <line number="625" hits="1" branch="True" condition-coverage="50% (1/2)">
              <conditions>
                <condition number="199" type="jump" coverage="50%" />
              </conditions>
            </line>
            <line number="626" hits="0" branch="False" />
            <line number="627" hits="0" branch="False" />
            <line number="629" hits="1" branch="False" />
            <line number="630" hits="1" branch="False" />
            <line number="632" hits="1" branch="False" />
            <line number="634" hits="1" branch="False" />
[...]
              </lines>
            </method>
            <method name="BookTrainSuccessTest" signature="()" line-rate="1" branch-rate="1" complexity="1">
              <lines>
                <line number="149" hits="1" branch="False" />
                <line number="152" hits="1" branch="False" />
                <line number="153" hits="1" branch="False" />
                <line number="154" hits="1" branch="False" />
                <line number="155" hits="1" branch="False" />
                <line number="156" hits="1" branch="False" />
                <line number="157" hits="1" branch="False" />
                <line number="158" hits="1" branch="False" />
                <line number="159" hits="1" branch="False" />
                <line number="160" hits="1" branch="False" />
                <line number="162" hits="1" branch="False" />
                <line number="163" hits="1" branch="False" />
              </lines>
            </method>
            <method name="BookTrainExceptionTest" signature="()" line-rate="1" branch-rate="1" complexity="1">
              <lines>
                <line number="167" hits="1" branch="False" />
                <line number="168" hits="1" branch="False" />
                <line number="169" hits="1" branch="False" />
                <line number="170" hits="1" branch="False" />
                <line number="171" hits="1" branch="False" />
                <line number="172" hits="1" branch="False" />
                <line number="173" hits="1" branch="False" />
                <line number="174" hits="1" branch="False" />
                <line number="175" hits="1" branch="False" />
                <line number="178" hits="2" branch="False" />
                <line number="181" hits="1" branch="False" />
                <line number="182" hits="1" branch="False" />
              </lines>
            </method>
            <method name="BookTrainSeatExceptionTest" signature="()" line-rate="0.8332999999999999" branch-rate="1" complexity="1">
              <lines>
                <line number="186" hits="1" branch="False" />
                <line number="187" hits="1" branch="False" />
                <line number="188" hits="1" branch="False" />
                <line number="189" hits="1" branch="False" />
                <line number="190" hits="1" branch="False" />
                <line number="191" hits="1" branch="False" />
                <line number="192" hits="1" branch="False" />
                <line number="193" hits="1" branch="False" />
                <line number="194" hits="1" branch="False" />
                <line number="197" hits="2" branch="False" />
                <line number="200" hits="0" branch="False" />
                <line number="201" hits="0" branch="False" />
              </lines>
            </method>
            <method name="PaymentConfirmationTest" signature="()" line-rate="1" branch-rate="1" complexity="1">
              <lines>
                <line number="205" hits="1" branch="False" />
                <line number="206" hits="1" branch="False" />
                <line number="207" hits="1" branch="False" />
                <line number="208" hits="1" branch="False" />
                <line number="209" hits="1" branch="False" />
                <line number="210" hits="1" branch="False" />
                <line number="211" hits="1" branch="False" />
                <line number="213" hits="1" branch="False" />
                <line number="214" hits="1" branch="False" />
                <line number="215" hits="1" branch="False" />
              </lines>
            </method>
            <method name="SerachTrainSuccessTest" signature="()" line-rate="1" branch-rate="1" complexity="1">
              <lines>
                <line number="236" hits="1" branch="False" />
                <line number="239" hits="1" branch="False" />
                <line number="240" hits="1" branch="False" />
                <line number="241" hits="1" branch="False" />
                <line number="242" hits="1" branch="False" />
                <line number="243" hits="1" branch="False" />
                <line number="245" hits="1" branch="False" />
                <line number="246" hits="1" branch="False" />
              </lines>
            </method>
            <method name="SerachTrainFailTest" signature="()" line-rate="0.75" branch-rate="1" complexity="1">
              <lines>
                <line number="250" hits="1" branch="False" />
                <line number="253" hits="1" branch="False" />
                <line number="254" hits="1" branch="False" />
                <line number="255" hits="1" branch="False" />
                <line number="256" hits="1" branch="False" />
                <line number="259" hits="2" branch="False" />
                <line number="262" hits="0" branch="False" />
                <line number="263" hits="0" branch="False" />
              </lines>
            </method>
            <method name="CancelReservationSuccessTest" signature="()" line-rate="1" branch-rate="1" complexity="1">
              <lines>
                <line number="267" hits="1" branch="False" />
                <line number="270" hits="1" branch="False" />
                <line number="271" hits="1" branch="False" />
                <line number="272" hits="1" branch="False" />
                <line number="273" hits="1" branch="False" />
                <line number="274" hits="1" branch="False" />
                <line number="275" hits="1" branch="False" />
                <line number="277" hits="1" branch="False" />
                <line number="278" hits="1" branch="False" />
              </lines>
            </method>
            <method name="CancelReservationFailTest" signature="()" line-rate="1" branch-rate="1" complexity="1">
              <lines>
                <line number="282" hits="1" branch="False" />
                <line number="285" hits="1" branch="False" />
                <line number="286" hits="1" branch="False" />
                <line number="287" hits="1" branch="False" />
                <line number="288" hits="1" branch="False" />
                <line number="289" hits="1" branch="False" />
                <line number="292" hits="2" branch="False" />
                <line number="295" hits="1" branch="False" />
                <line number="296" hits="1" branch="False" />
              </lines>
            </method>
            <method name="GetAllClassesofaTrainSuccessTest" signature="()" line-rate="1" branch-rate="1" complexity="1">
              <lines>
                <line number="300" hits="1" branch="False" />
                <line number="302" hits="1" branch="False" />
                <line number="304" hits="1" branch="False" />
                <line number="305" hits="1" branch="False" />
              </lines>
            </method>
            <method name="GetAllClassesofaTrainFailTest" signature="()" line-rate="0.5" branch-rate="1" complexity="1">
              <lines>
                <line number="309" hits="1" branch="False" />
                <line number="312" hits="2" branch="False" />
                <line number="315" hits="0" branch="False" />
                <line number="316" hits="0" branch="False" />
              </lines>
            </method>
          </methods>
          <lines>
            <line number="28" hits="14" branch="False" />
            <line number="29" hits="14" branch="False" />
            <line number="30" hits="14" branch="False" />
            <line number="31" hits="14" branch="False" />
            <line number="33" hits="14" branch="False" />
            <line number="34" hits="14" branch="False" />
            <line number="35" hits="14" branch="False" />
            <line number="36" hits="14" branch="False" />
            <line number="37" hits="14" branch="False" />
            <line number="38" hits="14" branch="False" />
            <line number="39" hits="14" branch="False" />
            <line number="40" hits="14" branch="False" />
            <line number="41" hits="14" branch="False" />
            <line number="42" hits="14" branch="False" />
            <line number="43" hits="14" branch="False" />
            <line number="44" hits="14" branch="False" />
            <line number="45" hits="14" branch="False" />
            <line number="47" hits="14" branch="False" />
            <line number="48" hits="14" branch="False" />
            <line number="49" hits="14" branch="False" />
            <line number="50" hits="14" branch="False" />
            <line number="51" hits="14" branch="False" />
            <line number="52" hits="14" branch="False" />
            <line number="53" hits="14" branch="False" />
            <line number="54" hits="14" branch="False" />
            <line number="55" hits="14" branch="False" />
            <line number="56" hits="14" branch="False" />
            <line number="57" hits="14" branch="False" />
            <line number="58" hits="14" branch="False" />
            <line number="59" hits="14" branch="False" />
            <line number="60" hits="14" branch="False" />
            <line number="61" hits="14" branch="False" />
            <line number="62" hits="14" branch="False" />
            <line number="65" hits="14" branch="False" />
            <line number="66" hits="14" branch="False" />
            <line number="67" hits="14" branch="False" />
            <line number="68" hits="14" branch="False" />
            <line number="69" hits="14" branch="False" />
            <line number="70" hits="14" branch="False" />
            <line number="71" hits="14" branch="False" />
            <line number="72" hits="14" branch="False" />
            <line number="73" hits="14" branch="False" />
            <line number="75" hits="14" branch="False" />
            <line number="76" hits="14" branch="False" />
            <line number="77" hits="14" branch="False" />
            <line number="78" hits="14" branch="False" />
            <line number="80" hits="14" branch="False" />
            <line number="81" hits="14" branch="False" />
            <line number="82" hits="14" branch="False" />
            <line number="83" hits="14" branch="False" />
            <line number="84" hits="14" branch="False" />
            <line number="85" hits="14" branch="False" />
            <line number="86" hits="14" branch="False" />
            <line number="90" hits="1" branch="False" />
            <line number="92" hits="1" branch="False" />
            <line number="93" hits="1" branch="False" />
            <line number="94" hits="1" branch="False" />
            <line number="95" hits="1" branch="False" />
            <line number="96" hits="1" branch="False" />
            <line number="97" hits="1" branch="False" />
            <line number="98" hits="1" branch="False" />
            <line number="99" hits="1" branch="False" />
            <line number="100" hits="1" branch="False" />
            <line number="102" hits="1" branch="False" />
            <line number="103" hits="1" branch="False" />
            <line number="104" hits="1" branch="False" />
            <line number="105" hits="1" branch="False" />
            <line number="106" hits="1" branch="False" />
            <line number="107" hits="1" branch="False" />
            <line number="108" hits="1" branch="False" />
            <line number="110" hits="1" branch="False" />
            <line number="113" hits="1" branch="False" />
            <line number="115" hits="1" branch="False" />
            <line number="119" hits="1" branch="False" />
            <line number="121" hits="1" branch="False" />
            <line number="122" hits="1" branch="False" />
            <line number="123" hits="1" branch="False" />
            <line number="126" hits="1" branch="False" />
            <line number="129" hits="1" branch="False" />
            <line number="130" hits="1" branch="False" />
            <line number="134" hits="1" branch="False" />
            <line number="136" hits="1" branch="False" />
            <line number="137" hits="1" branch="False" />
            <line number="138" hits="1" branch="False" />
            <line number="141" hits="2" branch="False" />
            <line number="144" hits="1" branch="False" />
            <line number="145" hits="1" branch="False" />
            <line number="149" hits="1" branch="False" />
            <line number="152" hits="1" branch="False" />
            <line number="153" hits="1" branch="False" />
            <line number="154" hits="1" branch="False" />
            <line number="155" hits="1" branch="False" />
            <line number="156" hits="1" branch="False" />
            <line number="157" hits="1" branch="False" />
            <line number="158" hits="1" branch="False" />
            <line number="159" hits="1" branch="False" />
            <line number="160" hits="1" branch="False" />
            <line number="162" hits="1" branch="False" />
            <line number="163" hits="1" branch="False" />
            <line number="167" hits="1" branch="False" />
            <line number="168" hits="1" branch="False" />
            <line number="169" hits="1" branch="False" />
            <line number="170" hits="1" branch="False" />
            <line number="171" hits="1" branch="False" />
            <line number="172" hits="1" branch="False" />
            <line number="173" hits="1" branch="False" />
            <line number="174" hits="1" branch="False" />
            <line number="175" hits="1" branch="False" />
            <line number="178" hits="2" branch="False" />
            <line number="181" hits="1" branch="False" />
            <line number="182" hits="1" branch="False" />
            <line number="186" hits="1" branch="False" />
            <line number="187" hits="1" branch="False" />
            <line number="188" hits="1" branch="False" />
            <line number="189" hits="1" branch="False" />
            <line number="190" hits="1" branch="False" />
            <line number="191" hits="1" branch="False" />
            <line number="192" hits="1" branch="False" />
            <line number="193" hits="1" branch="False" />
            <line number="194" hits="1" branch="False" />
            <line number="197" hits="2" branch="False" />
            <line number="200" hits="0" branch="False" />
            <line number="201" hits="0" branch="False" />
            <line number="205" hits="1" branch="False" />
            <line number="206" hits="1" branch="False" />
            <line number="207" hits="1" branch="False" />
            <line number="208" hits="1" branch="False" />
            <line number="209" hits="1" branch="False" />
            <line number="210" hits="1" branch="False" />
            <line number="211" hits="1" branch="False" />
            <line number="213" hits="1" branch="False" />
            <line number="214" hits="1" branch="False" />
            <line number="215" hits="1" branch="False" />
            <line number="236" hits="1" branch="False" />
            <line number="239" hits="1" branch="False" />
            <line number="240" hits="1" branch="False" />
            <line number="241" hits="1" branch="False" />
            <line number="242" hits="1" branch="False" />
            <line number="243" hits="1" branch="False" />
            <line number="245" hits="1" branch="False" />
            <line number="246" hits="1" branch="False" />
            <line number="250" hits="1" branch="False" />
            <line number="253" hits="1" branch="False" />
            <line number="254" hits="1" branch="False" />
            <line number="255" hits="1" branch="False" />
            <line number="256" hits="1" branch="False" />
            <line number="259" hits="2" branch="False" />
            <line number="262" hits="0" branch="False" />
            <line number="263" hits="0" branch="False" />
            <line number="267" hits="1" branch="False" />
            <line number="270" hits="1" branch="False" />
            <line number="271" hits="1" branch="False" />
            <line number="272" hits="1" branch="False" />
            <line number="273" hits="1" branch="False" />
            <line number="274" hits="1" branch="False" />
            <line number="275" hits="1" branch="False" />
            <line number="277" hits="1" branch="False" />
            <line number="278" hits="1" branch="False" />
            <line number="282" hits="1" branch="False" />
            <line number="285" hits="1" branch="False" />
            <line number="286" hits="1" branch="False" />
            <line number="287" hits="1" branch="False" />
            <line number="288" hits="1" branch="False" />
            <line number="289" hits="1" branch="False" />
            <line number="292" hits="2" branch="False" />
            <line number="295" hits="1" branch="False" />
            <line number="296" hits="1" branch="False" />
            <line number="300" hits="1" branch="False" />
            <line number="302" hits="1" branch="False" />
            <line number="304" hits="1" branch="False" />
            <line number="305" hits="1" branch="False" />
            <line number="309" hits="1" branch="False" />
            <line number="312" hits="2" branch="False" />
            <line number="315" hits="0" branch="False" />
            <line number="316" hits="0" branch="False" />
          </lines>
        </class>
        <class name="RailwayReservationAppTest.RepositoryTest.Tests/&lt;&gt;c__DisplayClass10_0/&lt;&lt;PaymentConfirmationExceptionTest&gt;b__0&gt;d" filename="Desktop\MiniProject\RailwayReservationSystem\RailwayReservationSolution\RailwayReservationAppTest\ServiceTest\UserServiceTest.cs" line-rate="1" branch-rate="1" complexity="1">
          <methods>
            <method name="MoveNext" signature="()" line-rate="1" branch-rate="1" complexity="1">
              <lines>
                <line number="228" hits="2" branch="False" />
              </lines>
            </method>
          </methods>
          <lines>
            <line number="228" hits="2" branch="False" />
          </lines>
        </class>
        <class name="RailwayReservationAppTest.RepositoryTest.Tests/&lt;PaymentConfirmationExceptionTest&gt;d__10" filename="Desktop\MiniProject\RailwayReservationSystem\RailwayReservationSolution\RailwayReservationAppTest\ServiceTest\UserServiceTest.cs" line-rate="1" branch-rate="1" complexity="1">
          <methods>
            <method name="MoveNext" signature="()" line-rate="1" branch-rate="1" complexity="1">
              <lines>
                <line number="219" hits="1" branch="False" />
                <line number="220" hits="1" branch="False" />
                <line number="221" hits="1" branch="False" />
                <line number="222" hits="1" branch="False" />
                <line number="223" hits="1" branch="False" />
                <line number="224" hits="1" branch="False" />
                <line number="225" hits="1" branch="False" />
                <line number="231" hits="1" branch="False" />
                <line number="232" hits="1" branch="False" />
              </lines>
            </method>
          </methods>
          <lines>
            <line number="219" hits="1" branch="False" />
            <line number="220" hits="1" branch="False" />
            <line number="221" hits="1" branch="False" />
            <line number="222" hits="1" branch="False" />
            <line number="223" hits="1" branch="False" />
            <line number="224" hits="1" branch="False" />
            <line number="225" hits="1" branch="False" />
            <line number="231" hits="1" branch="False" />
            <line number="232" hits="1" branch="False" />
          </lines>
        </class>
      </classes>
    </package>
  </packages>
</coverage>